{"/home/brayden/repos/linked-lists/linked-list.js": {"path":"/home/brayden/repos/linked-lists/linked-list.js","statementMap":{"0":{"start":{"line":3,"column":8},"end":{"line":3,"column":25}},"1":{"start":{"line":4,"column":8},"end":{"line":4,"column":24}},"2":{"start":{"line":8,"column":24},"end":{"line":8,"column":59}},"3":{"start":{"line":9,"column":8},"end":{"line":9,"column":28}},"4":{"start":{"line":10,"column":8},"end":{"line":10,"column":22}},"5":{"start":{"line":14,"column":24},"end":{"line":14,"column":54}},"6":{"start":{"line":16,"column":8},"end":{"line":25,"column":9}},"7":{"start":{"line":17,"column":12},"end":{"line":17,"column":32}},"8":{"start":{"line":19,"column":26},"end":{"line":19,"column":35}},"9":{"start":{"line":20,"column":12},"end":{"line":22,"column":13}},"10":{"start":{"line":21,"column":16},"end":{"line":21,"column":39}},"11":{"start":{"line":24,"column":12},"end":{"line":24,"column":35}},"12":{"start":{"line":26,"column":8},"end":{"line":26,"column":22}},"13":{"start":{"line":30,"column":8},"end":{"line":30,"column":27}},"14":{"start":{"line":34,"column":8},"end":{"line":34,"column":25}},"15":{"start":{"line":38,"column":22},"end":{"line":38,"column":31}},"16":{"start":{"line":39,"column":8},"end":{"line":41,"column":9}},"17":{"start":{"line":40,"column":12},"end":{"line":40,"column":35}},"18":{"start":{"line":42,"column":8},"end":{"line":42,"column":23}},"19":{"start":{"line":46,"column":8},"end":{"line":46,"column":36}},"20":{"start":{"line":46,"column":24},"end":{"line":46,"column":36}},"21":{"start":{"line":48,"column":8},"end":{"line":53,"column":9}},"22":{"start":{"line":49,"column":29},"end":{"line":49,"column":38}},"23":{"start":{"line":50,"column":12},"end":{"line":50,"column":29}},"24":{"start":{"line":51,"column":12},"end":{"line":51,"column":26}},"25":{"start":{"line":52,"column":12},"end":{"line":52,"column":28}},"26":{"start":{"line":55,"column":22},"end":{"line":55,"column":31}},"27":{"start":{"line":56,"column":8},"end":{"line":58,"column":9}},"28":{"start":{"line":57,"column":12},"end":{"line":57,"column":35}},"29":{"start":{"line":59,"column":25},"end":{"line":59,"column":37}},"30":{"start":{"line":60,"column":8},"end":{"line":60,"column":28}},"31":{"start":{"line":61,"column":8},"end":{"line":61,"column":22}},"32":{"start":{"line":62,"column":8},"end":{"line":62,"column":24}},"33":{"start":{"line":66,"column":22},"end":{"line":66,"column":31}},"34":{"start":{"line":67,"column":8},"end":{"line":70,"column":9}},"35":{"start":{"line":68,"column":12},"end":{"line":68,"column":53}},"36":{"start":{"line":68,"column":41},"end":{"line":68,"column":53}},"37":{"start":{"line":69,"column":12},"end":{"line":69,"column":35}},"38":{"start":{"line":71,"column":8},"end":{"line":71,"column":21}},"39":{"start":{"line":75,"column":22},"end":{"line":75,"column":31}},"40":{"start":{"line":76,"column":20},"end":{"line":76,"column":21}},"41":{"start":{"line":78,"column":8},"end":{"line":82,"column":9}},"42":{"start":{"line":79,"column":12},"end":{"line":79,"column":54}},"43":{"start":{"line":79,"column":41},"end":{"line":79,"column":54}},"44":{"start":{"line":80,"column":12},"end":{"line":80,"column":35}},"45":{"start":{"line":81,"column":12},"end":{"line":81,"column":20}},"46":{"start":{"line":83,"column":8},"end":{"line":83,"column":20}},"47":{"start":{"line":87,"column":8},"end":{"line":87,"column":35}},"48":{"start":{"line":88,"column":8},"end":{"line":88,"column":22}},"49":{"start":{"line":92,"column":8},"end":{"line":92,"column":52}},"50":{"start":{"line":92,"column":25},"end":{"line":92,"column":52}},"51":{"start":{"line":94,"column":21},"end":{"line":94,"column":47}},"52":{"start":{"line":95,"column":8},"end":{"line":95,"column":38}},"53":{"start":{"line":95,"column":26},"end":{"line":95,"column":38}},"54":{"start":{"line":97,"column":8},"end":{"line":97,"column":57}},"55":{"start":{"line":98,"column":8},"end":{"line":98,"column":22}},"56":{"start":{"line":102,"column":8},"end":{"line":102,"column":50}},"57":{"start":{"line":102,"column":25},"end":{"line":102,"column":50}},"58":{"start":{"line":104,"column":21},"end":{"line":104,"column":47}},"59":{"start":{"line":105,"column":8},"end":{"line":105,"column":38}},"60":{"start":{"line":105,"column":26},"end":{"line":105,"column":38}},"61":{"start":{"line":107,"column":8},"end":{"line":107,"column":35}},"62":{"start":{"line":108,"column":8},"end":{"line":108,"column":22}},"63":{"start":{"line":112,"column":8},"end":{"line":112,"column":58}},"64":{"start":{"line":112,"column":47},"end":{"line":112,"column":58}},"65":{"start":{"line":114,"column":22},"end":{"line":114,"column":31}},"66":{"start":{"line":115,"column":8},"end":{"line":117,"column":9}},"67":{"start":{"line":115,"column":21},"end":{"line":115,"column":22}},"68":{"start":{"line":116,"column":12},"end":{"line":116,"column":35}},"69":{"start":{"line":118,"column":8},"end":{"line":118,"column":23}},"70":{"start":{"line":122,"column":21},"end":{"line":122,"column":23}},"71":{"start":{"line":123,"column":22},"end":{"line":123,"column":31}},"72":{"start":{"line":124,"column":8},"end":{"line":127,"column":9}},"73":{"start":{"line":125,"column":12},"end":{"line":125,"column":52}},"74":{"start":{"line":126,"column":12},"end":{"line":126,"column":35}},"75":{"start":{"line":128,"column":8},"end":{"line":128,"column":37}},"76":{"start":{"line":134,"column":8},"end":{"line":134,"column":27}},"77":{"start":{"line":135,"column":8},"end":{"line":135,"column":25}},"78":{"start":{"line":139,"column":0},"end":{"line":145,"column":1}},"79":{"start":{"line":140,"column":15},"end":{"line":140,"column":31}},"80":{"start":{"line":141,"column":4},"end":{"line":143,"column":5}},"81":{"start":{"line":141,"column":17},"end":{"line":141,"column":34}},"82":{"start":{"line":142,"column":8},"end":{"line":142,"column":30}},"83":{"start":{"line":144,"column":4},"end":{"line":144,"column":14}},"84":{"start":{"line":147,"column":0},"end":{"line":147,"column":28}}},"fnMap":{"0":{"name":"(anonymous_0)","decl":{"start":{"line":2,"column":4},"end":{"line":2,"column":5}},"loc":{"start":{"line":2,"column":18},"end":{"line":5,"column":5}},"line":2},"1":{"name":"(anonymous_1)","decl":{"start":{"line":7,"column":4},"end":{"line":7,"column":5}},"loc":{"start":{"line":7,"column":18},"end":{"line":11,"column":5}},"line":7},"2":{"name":"(anonymous_2)","decl":{"start":{"line":13,"column":4},"end":{"line":13,"column":5}},"loc":{"start":{"line":13,"column":17},"end":{"line":27,"column":5}},"line":13},"3":{"name":"(anonymous_3)","decl":{"start":{"line":29,"column":4},"end":{"line":29,"column":5}},"loc":{"start":{"line":29,"column":11},"end":{"line":31,"column":5}},"line":29},"4":{"name":"(anonymous_4)","decl":{"start":{"line":33,"column":4},"end":{"line":33,"column":5}},"loc":{"start":{"line":33,"column":14},"end":{"line":35,"column":5}},"line":33},"5":{"name":"(anonymous_5)","decl":{"start":{"line":37,"column":4},"end":{"line":37,"column":5}},"loc":{"start":{"line":37,"column":14},"end":{"line":43,"column":5}},"line":37},"6":{"name":"(anonymous_6)","decl":{"start":{"line":45,"column":4},"end":{"line":45,"column":5}},"loc":{"start":{"line":45,"column":10},"end":{"line":63,"column":5}},"line":45},"7":{"name":"(anonymous_7)","decl":{"start":{"line":65,"column":4},"end":{"line":65,"column":5}},"loc":{"start":{"line":65,"column":20},"end":{"line":72,"column":5}},"line":65},"8":{"name":"(anonymous_8)","decl":{"start":{"line":74,"column":4},"end":{"line":74,"column":5}},"loc":{"start":{"line":74,"column":16},"end":{"line":84,"column":5}},"line":74},"9":{"name":"(anonymous_9)","decl":{"start":{"line":86,"column":4},"end":{"line":86,"column":5}},"loc":{"start":{"line":86,"column":17},"end":{"line":89,"column":5}},"line":86},"10":{"name":"(anonymous_10)","decl":{"start":{"line":91,"column":4},"end":{"line":91,"column":5}},"loc":{"start":{"line":91,"column":27},"end":{"line":99,"column":5}},"line":91},"11":{"name":"(anonymous_11)","decl":{"start":{"line":101,"column":4},"end":{"line":101,"column":5}},"loc":{"start":{"line":101,"column":20},"end":{"line":109,"column":5}},"line":101},"12":{"name":"(anonymous_12)","decl":{"start":{"line":111,"column":4},"end":{"line":111,"column":5}},"loc":{"start":{"line":111,"column":22},"end":{"line":119,"column":5}},"line":111},"13":{"name":"(anonymous_13)","decl":{"start":{"line":121,"column":4},"end":{"line":121,"column":5}},"loc":{"start":{"line":121,"column":15},"end":{"line":129,"column":5}},"line":121},"14":{"name":"(anonymous_14)","decl":{"start":{"line":133,"column":4},"end":{"line":133,"column":5}},"loc":{"start":{"line":133,"column":29},"end":{"line":136,"column":5}},"line":133},"15":{"name":"(anonymous_15)","decl":{"start":{"line":139,"column":24},"end":{"line":139,"column":25}},"loc":{"start":{"line":139,"column":44},"end":{"line":145,"column":1}},"line":139}},"branchMap":{"0":{"loc":{"start":{"line":16,"column":8},"end":{"line":25,"column":9}},"type":"if","locations":[{"start":{"line":16,"column":8},"end":{"line":25,"column":9}},{"start":{"line":18,"column":15},"end":{"line":25,"column":9}}],"line":16},"1":{"loc":{"start":{"line":39,"column":15},"end":{"line":39,"column":38}},"type":"binary-expr","locations":[{"start":{"line":39,"column":15},"end":{"line":39,"column":22}},{"start":{"line":39,"column":26},"end":{"line":39,"column":38}}],"line":39},"2":{"loc":{"start":{"line":46,"column":8},"end":{"line":46,"column":36}},"type":"if","locations":[{"start":{"line":46,"column":8},"end":{"line":46,"column":36}},{"start":{},"end":{}}],"line":46},"3":{"loc":{"start":{"line":48,"column":8},"end":{"line":53,"column":9}},"type":"if","locations":[{"start":{"line":48,"column":8},"end":{"line":53,"column":9}},{"start":{},"end":{}}],"line":48},"4":{"loc":{"start":{"line":56,"column":15},"end":{"line":56,"column":48}},"type":"binary-expr","locations":[{"start":{"line":56,"column":15},"end":{"line":56,"column":27}},{"start":{"line":56,"column":31},"end":{"line":56,"column":48}}],"line":56},"5":{"loc":{"start":{"line":68,"column":12},"end":{"line":68,"column":53}},"type":"if","locations":[{"start":{"line":68,"column":12},"end":{"line":68,"column":53}},{"start":{},"end":{}}],"line":68},"6":{"loc":{"start":{"line":79,"column":12},"end":{"line":79,"column":54}},"type":"if","locations":[{"start":{"line":79,"column":12},"end":{"line":79,"column":54}},{"start":{},"end":{}}],"line":79},"7":{"loc":{"start":{"line":92,"column":8},"end":{"line":92,"column":52}},"type":"if","locations":[{"start":{"line":92,"column":8},"end":{"line":92,"column":52}},{"start":{},"end":{}}],"line":92},"8":{"loc":{"start":{"line":95,"column":8},"end":{"line":95,"column":38}},"type":"if","locations":[{"start":{"line":95,"column":8},"end":{"line":95,"column":38}},{"start":{},"end":{}}],"line":95},"9":{"loc":{"start":{"line":102,"column":8},"end":{"line":102,"column":50}},"type":"if","locations":[{"start":{"line":102,"column":8},"end":{"line":102,"column":50}},{"start":{},"end":{}}],"line":102},"10":{"loc":{"start":{"line":105,"column":8},"end":{"line":105,"column":38}},"type":"if","locations":[{"start":{"line":105,"column":8},"end":{"line":105,"column":38}},{"start":{},"end":{}}],"line":105},"11":{"loc":{"start":{"line":112,"column":8},"end":{"line":112,"column":58}},"type":"if","locations":[{"start":{"line":112,"column":8},"end":{"line":112,"column":58}},{"start":{},"end":{}}],"line":112},"12":{"loc":{"start":{"line":112,"column":12},"end":{"line":112,"column":45}},"type":"binary-expr","locations":[{"start":{"line":112,"column":12},"end":{"line":112,"column":21}},{"start":{"line":112,"column":25},"end":{"line":112,"column":45}}],"line":112}},"s":{"0":23,"1":23,"2":63,"3":63,"4":63,"5":1,"6":1,"7":0,"8":1,"9":1,"10":1,"11":1,"12":1,"13":1,"14":1,"15":1,"16":1,"17":2,"18":1,"19":1,"20":0,"21":1,"22":0,"23":0,"24":0,"25":0,"26":1,"27":1,"28":1,"29":1,"30":1,"31":1,"32":1,"33":2,"34":2,"35":5,"36":1,"37":4,"38":1,"39":2,"40":2,"41":2,"42":5,"43":1,"44":4,"45":4,"46":1,"47":2,"48":2,"49":4,"50":1,"51":3,"52":3,"53":2,"54":1,"55":1,"56":4,"57":1,"58":3,"59":3,"60":2,"61":1,"62":1,"63":13,"64":6,"65":7,"66":7,"67":7,"68":9,"69":7,"70":0,"71":0,"72":0,"73":0,"74":0,"75":0,"76":65,"77":65,"78":1,"79":22,"80":22,"81":22,"82":60,"83":22,"84":1},"f":{"0":23,"1":63,"2":1,"3":1,"4":1,"5":1,"6":1,"7":2,"8":2,"9":2,"10":4,"11":4,"12":13,"13":0,"14":65,"15":22},"b":{"0":[0,1],"1":[3,3],"2":[0,1],"3":[0,1],"4":[2,2],"5":[1,4],"6":[1,4],"7":[1,3],"8":[2,1],"9":[1,3],"10":[2,1],"11":[6,7],"12":[13,9]},"_coverageSchema":"1a1c01bbd47fc00a2c39e90264f33305004495a9","hash":"91e0af9ca301dde820c9138d79c6fe1862d4417a"}
}
