TN:
SF:linked-list.js
FN:2,(anonymous_0)
FN:7,(anonymous_1)
FN:13,(anonymous_2)
FN:29,(anonymous_3)
FN:33,(anonymous_4)
FN:37,(anonymous_5)
FN:45,(anonymous_6)
FN:65,(anonymous_7)
FN:74,(anonymous_8)
FN:86,(anonymous_9)
FN:91,(anonymous_10)
FN:101,(anonymous_11)
FN:111,(anonymous_12)
FN:121,(anonymous_13)
FN:133,(anonymous_14)
FN:139,(anonymous_15)
FNF:16
FNH:15
FNDA:23,(anonymous_0)
FNDA:63,(anonymous_1)
FNDA:1,(anonymous_2)
FNDA:1,(anonymous_3)
FNDA:1,(anonymous_4)
FNDA:1,(anonymous_5)
FNDA:1,(anonymous_6)
FNDA:2,(anonymous_7)
FNDA:2,(anonymous_8)
FNDA:2,(anonymous_9)
FNDA:4,(anonymous_10)
FNDA:4,(anonymous_11)
FNDA:13,(anonymous_12)
FNDA:0,(anonymous_13)
FNDA:65,(anonymous_14)
FNDA:22,(anonymous_15)
DA:3,23
DA:4,23
DA:8,63
DA:9,63
DA:10,63
DA:14,1
DA:16,1
DA:17,0
DA:19,1
DA:20,1
DA:21,1
DA:24,1
DA:26,1
DA:30,1
DA:34,1
DA:38,1
DA:39,1
DA:40,2
DA:42,1
DA:46,1
DA:48,1
DA:49,0
DA:50,0
DA:51,0
DA:52,0
DA:55,1
DA:56,1
DA:57,1
DA:59,1
DA:60,1
DA:61,1
DA:62,1
DA:66,2
DA:67,2
DA:68,5
DA:69,4
DA:71,1
DA:75,2
DA:76,2
DA:78,2
DA:79,5
DA:80,4
DA:81,4
DA:83,1
DA:87,2
DA:88,2
DA:92,4
DA:94,3
DA:95,3
DA:97,1
DA:98,1
DA:102,4
DA:104,3
DA:105,3
DA:107,1
DA:108,1
DA:112,13
DA:114,7
DA:115,7
DA:116,9
DA:118,7
DA:122,0
DA:123,0
DA:124,0
DA:125,0
DA:126,0
DA:128,0
DA:134,65
DA:135,65
DA:139,1
DA:140,22
DA:141,22
DA:142,60
DA:144,22
DA:147,1
LF:75
LH:64
BRDA:16,0,0,0
BRDA:16,0,1,1
BRDA:39,1,0,3
BRDA:39,1,1,3
BRDA:46,2,0,0
BRDA:46,2,1,1
BRDA:48,3,0,0
BRDA:48,3,1,1
BRDA:56,4,0,2
BRDA:56,4,1,2
BRDA:68,5,0,1
BRDA:68,5,1,4
BRDA:79,6,0,1
BRDA:79,6,1,4
BRDA:92,7,0,1
BRDA:92,7,1,3
BRDA:95,8,0,2
BRDA:95,8,1,1
BRDA:102,9,0,1
BRDA:102,9,1,3
BRDA:105,10,0,2
BRDA:105,10,1,1
BRDA:112,11,0,6
BRDA:112,11,1,7
BRDA:112,12,0,13
BRDA:112,12,1,9
BRF:26
BRH:23
end_of_record
